Start testing: May 10 20:59 中国标准时间
----------------------------------------------------------
1/7 Testing: TestRestaurant
1/7 Test: TestRestaurant
Command: "D:/Github/IntelligentRecipeManagementSystem/build/Debug/TestRestaurant.exe"
Directory: D:/Github/IntelligentRecipeManagementSystem/build
"TestRestaurant" start time: May 10 20:59 中国标准时间
Output:
----------------------------------------------------------
Running main() from D:\Github\IntelligentRecipeManagementSystem\build\_deps\googletest-src\googletest\src\gtest_main.cc
[==========] Running 14 tests from 1 test suite.
[----------] Global test environment set-up.
[----------] 14 tests from RestaurantTest
[ RUN      ] RestaurantTest.ConstructorAndGetters
[       OK ] RestaurantTest.ConstructorAndGetters (0 ms)
[ RUN      ] RestaurantTest.Setters
[       OK ] RestaurantTest.Setters (0 ms)
[ RUN      ] RestaurantTest.AddFeaturedRecipeIDs
[       OK ] RestaurantTest.AddFeaturedRecipeIDs (0 ms)
[ RUN      ] RestaurantTest.RemoveFeaturedRecipeIDs
[       OK ] RestaurantTest.RemoveFeaturedRecipeIDs (0 ms)
[ RUN      ] RestaurantTest.Builder_MinimalFields
[       OK ] RestaurantTest.Builder_MinimalFields (0 ms)
[ RUN      ] RestaurantTest.Builder_OverwriteValues
[       OK ] RestaurantTest.Builder_OverwriteValues (0 ms)
[ RUN      ] RestaurantTest.Setters_EmptyValues
[       OK ] RestaurantTest.Setters_EmptyValues (0 ms)
[ RUN      ] RestaurantTest.AddFeaturedRecipe_InvalidIds
[       OK ] RestaurantTest.AddFeaturedRecipe_InvalidIds (0 ms)
[ RUN      ] RestaurantTest.EqualityOperator
[       OK ] RestaurantTest.EqualityOperator (0 ms)
[ RUN      ] RestaurantTest.JsonSerialization_Full
[       OK ] RestaurantTest.JsonSerialization_Full (0 ms)
[ RUN      ] RestaurantTest.JsonDeserialization_Full
[       OK ] RestaurantTest.JsonDeserialization_Full (0 ms)
[ RUN      ] RestaurantTest.JsonDeserialization_OptionalFieldsMissing
[       OK ] RestaurantTest.JsonDeserialization_OptionalFieldsMissing (0 ms)
[ RUN      ] RestaurantTest.JsonDeserialization_OptionalFieldsNull
[       OK ] RestaurantTest.JsonDeserialization_OptionalFieldsNull (0 ms)
[ RUN      ] RestaurantTest.JsonDeserialization_InvalidData
[       OK ] RestaurantTest.JsonDeserialization_InvalidData (0 ms)
[----------] 14 tests from RestaurantTest (0 ms total)

[----------] Global test environment tear-down
[==========] 14 tests from 1 test suite ran. (0 ms total)
[  PASSED  ] 14 tests.
<end of output>
Test time =   0.02 sec
----------------------------------------------------------
Test Passed.
"TestRestaurant" end time: May 10 20:59 中国标准时间
"TestRestaurant" time elapsed: 00:00:00
----------------------------------------------------------

2/7 Testing: TestRestaurantManager
2/7 Test: TestRestaurantManager
Command: "D:/Github/IntelligentRecipeManagementSystem/build/Debug/TestRestaurantManager.exe"
Directory: D:/Github/IntelligentRecipeManagementSystem/build
"TestRestaurantManager" start time: May 10 20:59 中国标准时间
Output:
----------------------------------------------------------
Running main() from D:\Github\IntelligentRecipeManagementSystem\build\_deps\googletest-src\googletest\src\gtest_main.cc
[==========] Running 10 tests from 1 test suite.
[----------] Global test environment set-up.
[----------] 10 tests from RestaurantManagerTest
[ RUN      ] RestaurantManagerTest.AddRestaurantAndGetAll
[       OK ] RestaurantManagerTest.AddRestaurantAndGetAll (0 ms)
[ RUN      ] RestaurantManagerTest.FindRestaurantById
[       OK ] RestaurantManagerTest.FindRestaurantById (0 ms)
[ RUN      ] RestaurantManagerTest.FindRestaurantByName
[       OK ] RestaurantManagerTest.FindRestaurantByName (0 ms)
[ RUN      ] RestaurantManagerTest.GetFeaturedRecipes
[       OK ] RestaurantManagerTest.GetFeaturedRecipes (0 ms)
[ RUN      ] RestaurantManagerTest.DeleteRestaurant
[       OK ] RestaurantManagerTest.DeleteRestaurant (0 ms)
[ RUN      ] RestaurantManagerTest.UpdateRestaurant_Success
[       OK ] RestaurantManagerTest.UpdateRestaurant_Success (0 ms)
[ RUN      ] RestaurantManagerTest.UpdateRestaurant_NotFound
[       OK ] RestaurantManagerTest.UpdateRestaurant_NotFound (0 ms)
[ RUN      ] RestaurantManagerTest.UpdateRestaurant_NameConflict
[       OK ] RestaurantManagerTest.UpdateRestaurant_NameConflict (0 ms)
[ RUN      ] RestaurantManagerTest.AddRestaurant_NameConflict_ManagerLevel
[       OK ] RestaurantManagerTest.AddRestaurant_NameConflict_ManagerLevel (0 ms)
[ RUN      ] RestaurantManagerTest.FindRestaurantsByCuisine_Found
[       OK ] RestaurantManagerTest.FindRestaurantsByCuisine_Found (0 ms)
[----------] 10 tests from RestaurantManagerTest (3 ms total)

[----------] Global test environment tear-down
[==========] 10 tests from 1 test suite ran. (3 ms total)
[  PASSED  ] 10 tests.
<end of output>
Test time =   0.04 sec
----------------------------------------------------------
Test Passed.
"TestRestaurantManager" end time: May 10 20:59 中国标准时间
"TestRestaurantManager" time elapsed: 00:00:00
----------------------------------------------------------

3/7 Testing: TestRecipe
3/7 Test: TestRecipe
Command: "D:/Github/IntelligentRecipeManagementSystem/build/Debug/TestRecipe.exe"
Directory: D:/Github/IntelligentRecipeManagementSystem/build
"TestRecipe" start time: May 10 20:59 中国标准时间
Output:
----------------------------------------------------------
Running main() from D:\Github\IntelligentRecipeManagementSystem\build\_deps\googletest-src\googletest\src\gtest_main.cc
[==========] Running 17 tests from 2 test suites.
[----------] Global test environment set-up.
[----------] 15 tests from RecipeTest
[ RUN      ] RecipeTest.ConstructorValidations
[       OK ] RecipeTest.ConstructorValidations (0 ms)
[ RUN      ] RecipeTest.SettersValidations
[       OK ] RecipeTest.SettersValidations (0 ms)
[ RUN      ] RecipeTest.Getters
[       OK ] RecipeTest.Getters (0 ms)
[ RUN      ] RecipeTest.GetDisplayDetails
[       OK ] RecipeTest.GetDisplayDetails (0 ms)
[ RUN      ] RecipeTest.JsonSerializationDeserializationFull
[       OK ] RecipeTest.JsonSerializationDeserializationFull (0 ms)
[ RUN      ] RecipeTest.JsonDeserializationOptionalFieldsMissing
[       OK ] RecipeTest.JsonDeserializationOptionalFieldsMissing (0 ms)
[ RUN      ] RecipeTest.JsonDeserializationOptionalFieldsNull
[       OK ] RecipeTest.JsonDeserializationOptionalFieldsNull (0 ms)
[ RUN      ] RecipeTest.JsonDeserializationInvalidData
[       OK ] RecipeTest.JsonDeserializationInvalidData (0 ms)
[ RUN      ] RecipeTest.EqualityOperator
[       OK ] RecipeTest.EqualityOperator (0 ms)
[ RUN      ] RecipeTest.AddAndGetTags
[       OK ] RecipeTest.AddAndGetTags (0 ms)
[ RUN      ] RecipeTest.RemoveTags
[       OK ] RecipeTest.RemoveTags (0 ms)
[ RUN      ] RecipeTest.HasTag
[       OK ] RecipeTest.HasTag (0 ms)
[ RUN      ] RecipeTest.TagsInJsonSerialization
[       OK ] RecipeTest.TagsInJsonSerialization (0 ms)
[ RUN      ] RecipeTest.TagsInJsonDeserialization_EmptyAndNull
[       OK ] RecipeTest.TagsInJsonDeserialization_EmptyAndNull (0 ms)
[ RUN      ] RecipeTest.AddTagEnforcesUniquenessAndIgnoresEmpty
[       OK ] RecipeTest.AddTagEnforcesUniquenessAndIgnoresEmpty (0 ms)
[----------] 15 tests from RecipeTest (1 ms total)

[----------] 2 tests from RecipeBuilderTest
[ RUN      ] RecipeBuilderTest.BuildWithOnlyMandatoryFields
[       OK ] RecipeBuilderTest.BuildWithOnlyMandatoryFields (0 ms)
[ RUN      ] RecipeBuilderTest.BuilderMethodOverwriting
[       OK ] RecipeBuilderTest.BuilderMethodOverwriting (0 ms)
[----------] 2 tests from RecipeBuilderTest (0 ms total)

[----------] Global test environment tear-down
[==========] 17 tests from 2 test suites ran. (1 ms total)
[  PASSED  ] 17 tests.
<end of output>
Test time =   0.02 sec
----------------------------------------------------------
Test Passed.
"TestRecipe" end time: May 10 20:59 中国标准时间
"TestRecipe" time elapsed: 00:00:00
----------------------------------------------------------

4/7 Testing: TestJsonRecipeRepository
4/7 Test: TestJsonRecipeRepository
Command: "D:/Github/IntelligentRecipeManagementSystem/build/Debug/TestJsonRecipeRepository.exe"
Directory: D:/Github/IntelligentRecipeManagementSystem/build
"TestJsonRecipeRepository" start time: May 10 20:59 中国标准时间
Output:
----------------------------------------------------------
Running main() from D:\Github\IntelligentRecipeManagementSystem\build\_deps\googletest-src\googletest\src\gtest_main.cc
[==========] Running 19 tests from 1 test suite.
[----------] Global test environment set-up.
[----------] 19 tests from JsonRecipeRepositoryTest
[ RUN      ] JsonRecipeRepositoryTest.ConstructorAndDirectoryCreation
Warning: Could not open data file for reading: D:\Github\IntelligentRecipeManagementSystem\build\test_repo_dir_15836771\recipes_test.json. Starting with an empty list for recipes.
[       OK ] JsonRecipeRepositoryTest.ConstructorAndDirectoryCreation (0 ms)
[ RUN      ] JsonRecipeRepositoryTest.LoadNonExistentFile
Warning: Could not open data file for reading: D:\Github\IntelligentRecipeManagementSystem\build\test_repo_dir_15836771\recipes_test.json. Starting with an empty list for recipes.
Warning: Could not open data file for reading: D:\Github\IntelligentRecipeManagementSystem\build\test_repo_dir_15836771\recipes_test.json. Starting with an empty list for recipes.
[       OK ] JsonRecipeRepositoryTest.LoadNonExistentFile (0 ms)
[ RUN      ] JsonRecipeRepositoryTest.LoadEmptyJsonFile
[       OK ] JsonRecipeRepositoryTest.LoadEmptyJsonFile (0 ms)
[ RUN      ] JsonRecipeRepositoryTest.LoadValidRecipes
[       OK ] JsonRecipeRepositoryTest.LoadValidRecipes (1 ms)
[ RUN      ] JsonRecipeRepositoryTest.LoadInvalidRecipeDataInFile
Warning: Failed to load an item for recipes due to error: Recipe name is missing or not a string in JSON.. Invalid JSON: {
  "id": 2
}
Warning: Failed to load an item for recipes due to error: Recipe ID in JSON must be a positive integer.. Invalid JSON: {
  "cookingTime": 10,
  "difficulty": "Easy",
  "id": 0,
  "imageUrl": null,
  "ingredients": [
    {
      "name": "i1",
      "quantity": "q1"
    }
  ],
  "name": "Bad ID Recipe",
  "nutritionalInfo": null,
  "steps": [
    "s1"
  ],
  "tags": [
    "TestTag"
  ]
}
Warning: Failed to load an item for recipes due to error: Recipe name is missing or not a string in JSON.. Invalid JSON: {
  "id": 2
}
Warning: Failed to load an item for recipes due to error: Recipe ID in JSON must be a positive integer.. Invalid JSON: {
  "cookingTime": 10,
  "difficulty": "Easy",
  "id": 0,
  "imageUrl": null,
  "ingredients": [
    {
      "name": "i1",
      "quantity": "q1"
    }
  ],
  "name": "Bad ID Recipe",
  "nutritionalInfo": null,
  "steps": [
    "s1"
  ],
  "tags": [
    "TestTag"
  ]
}
[       OK ] JsonRecipeRepositoryTest.LoadInvalidRecipeDataInFile (1 ms)
[ RUN      ] JsonRecipeRepositoryTest.SaveAllAndReload
Warning: Could not open data file for reading: D:\Github\IntelligentRecipeManagementSystem\build\test_repo_dir_15836775\recipes_test.json. Starting with an empty list for recipes.
[       OK ] JsonRecipeRepositoryTest.SaveAllAndReload (2 ms)
[ RUN      ] JsonRecipeRepositoryTest.SaveNewRecipe
Warning: Could not open data file for reading: D:\Github\IntelligentRecipeManagementSystem\build\test_repo_dir_15836778\recipes_test.json. Starting with an empty list for recipes.
[       OK ] JsonRecipeRepositoryTest.SaveNewRecipe (1 ms)
[ RUN      ] JsonRecipeRepositoryTest.UpdateExistingRecipe
Warning: Could not open data file for reading: D:\Github\IntelligentRecipeManagementSystem\build\test_repo_dir_15836779\recipes_test.json. Starting with an empty list for recipes.
[       OK ] JsonRecipeRepositoryTest.UpdateExistingRecipe (1 ms)
[ RUN      ] JsonRecipeRepositoryTest.FindById
Warning: Could not open data file for reading: D:\Github\IntelligentRecipeManagementSystem\build\test_repo_dir_15836780\recipes_test.json. Starting with an empty list for recipes.
[       OK ] JsonRecipeRepositoryTest.FindById (1 ms)
[ RUN      ] JsonRecipeRepositoryTest.FindByName
Warning: Could not open data file for reading: D:\Github\IntelligentRecipeManagementSystem\build\test_repo_dir_15836782\recipes_test.json. Starting with an empty list for recipes.
[       OK ] JsonRecipeRepositoryTest.FindByName (1 ms)
[ RUN      ] JsonRecipeRepositoryTest.FindAll
Warning: Could not open data file for reading: D:\Github\IntelligentRecipeManagementSystem\build\test_repo_dir_15836784\recipes_test.json. Starting with an empty list for recipes.
[       OK ] JsonRecipeRepositoryTest.FindAll (1 ms)
[ RUN      ] JsonRecipeRepositoryTest.RemoveRecipe
Warning: Could not open data file for reading: D:\Github\IntelligentRecipeManagementSystem\build\test_repo_dir_15836785\recipes_test.json. Starting with an empty list for recipes.
[       OK ] JsonRecipeRepositoryTest.RemoveRecipe (1 ms)
[ RUN      ] JsonRecipeRepositoryTest.GetAndSetNextId
Warning: Could not open data file for reading: D:\Github\IntelligentRecipeManagementSystem\build\test_repo_dir_15836786\recipes_test.json. Starting with an empty list for recipes.
[       OK ] JsonRecipeRepositoryTest.GetAndSetNextId (0 ms)
[ RUN      ] JsonRecipeRepositoryTest.SaveRecipeWithPreAssignedIdNotInList
Warning: Could not open data file for reading: D:\Github\IntelligentRecipeManagementSystem\build\test_repo_dir_15836787\recipes_test.json. Starting with an empty list for recipes.
[       OK ] JsonRecipeRepositoryTest.SaveRecipeWithPreAssignedIdNotInList (1 ms)
[ RUN      ] JsonRecipeRepositoryTest.SaveRecipeWithPreAssignedIdAlreadyInList_ShouldUpdate
Warning: Could not open data file for reading: D:\Github\IntelligentRecipeManagementSystem\build\test_repo_dir_15836789\recipes_test.json. Starting with an empty list for recipes.
[       OK ] JsonRecipeRepositoryTest.SaveRecipeWithPreAssignedIdAlreadyInList_ShouldUpdate (1 ms)
[ RUN      ] JsonRecipeRepositoryTest.AtomicSave_SuccessfulSave
Warning: Could not open data file for reading: D:\Github\IntelligentRecipeManagementSystem\build\test_repo_dir_15836790\recipes_test.json. Starting with an empty list for recipes.
[       OK ] JsonRecipeRepositoryTest.AtomicSave_SuccessfulSave (0 ms)
[ RUN      ] JsonRecipeRepositoryTest.AtomicSave_TempFileNotWritable
Warning: Could not open data file for reading: D:\Github\IntelligentRecipeManagementSystem\build\test_repo_dir_15836791\recipes_test.json. Starting with an empty list for recipes.
Error: Could not open temporary data file for writing: D:\Github\IntelligentRecipeManagementSystem\build\test_repo_dir_15836791\recipes_test.json.tmp
[       OK ] JsonRecipeRepositoryTest.AtomicSave_TempFileNotWritable (1 ms)
[ RUN      ] JsonRecipeRepositoryTest.AtomicSave_RenameFails
Warning: Could not open data file for reading: D:\Github\IntelligentRecipeManagementSystem\build\test_repo_dir_15836792\recipes_test.json. Starting with an empty list for recipes.
[       OK ] JsonRecipeRepositoryTest.AtomicSave_RenameFails (1 ms)
[ RUN      ] JsonRecipeRepositoryTest.AtomicSave_OriginalFileMissing_TempFileExists_LoadRecoversFromTemp
Warning: Could not open data file for reading: D:\Github\IntelligentRecipeManagementSystem\build\test_repo_dir_15836794\recipes_test.json. Starting with an empty list for recipes.
Warning: Could not open data file for reading: D:\Github\IntelligentRecipeManagementSystem\build\test_repo_dir_15836794\recipes_test.json. Starting with an empty list for recipes.
[       OK ] JsonRecipeRepositoryTest.AtomicSave_OriginalFileMissing_TempFileExists_LoadRecoversFromTemp (0 ms)
[----------] 19 tests from JsonRecipeRepositoryTest (23 ms total)

[----------] Global test environment tear-down
[==========] 19 tests from 1 test suite ran. (24 ms total)
[  PASSED  ] 19 tests.
<end of output>
Test time =   0.03 sec
----------------------------------------------------------
Test Passed.
"TestJsonRecipeRepository" end time: May 10 20:59 中国标准时间
"TestJsonRecipeRepository" time elapsed: 00:00:00
----------------------------------------------------------

5/7 Testing: TestRecipeManager
5/7 Test: TestRecipeManager
Command: "D:/Github/IntelligentRecipeManagementSystem/build/Debug/TestRecipeManager.exe"
Directory: D:/Github/IntelligentRecipeManagementSystem/build
"TestRecipeManager" start time: May 10 20:59 中国标准时间
Output:
----------------------------------------------------------
Running main() from D:\Github\IntelligentRecipeManagementSystem\build\_deps\googletest-src\googletest\src\gtest_main.cc
[==========] Running 14 tests from 1 test suite.
[----------] Global test environment set-up.
[----------] 14 tests from RecipeManagerTest
[ RUN      ] RecipeManagerTest.AddRecipeWithTags
[2025-05-10 20:59:00.128] [info] 尝试添加菜谱: Pasta Carbonara
[2025-05-10 20:59:00.129] [info] 菜谱 'Pasta Carbonara' 添加成功，ID: 1
[       OK ] RecipeManagerTest.AddRecipeWithTags (1 ms)
[ RUN      ] RecipeManagerTest.AddRecipe_NameConflict
[2025-05-10 20:59:00.129] [info] 尝试添加菜谱: Unique Name
[2025-05-10 20:59:00.129] [info] 菜谱 'Unique Name' 添加成功，ID: 1
[2025-05-10 20:59:00.129] [info] 尝试添加菜谱: Unique Name
[2025-05-10 20:59:00.129] [warning] 尝试添加的菜谱 'Unique Name' (规范化名称: 'unique name') 与现有菜谱名称冲突。
[       OK ] RecipeManagerTest.AddRecipe_NameConflict (0 ms)
[ RUN      ] RecipeManagerTest.UpdateRecipe_NotFound
[2025-05-10 20:59:00.130] [warning] 尝试更新的菜谱 ID: 999 未找到。
[       OK ] RecipeManagerTest.UpdateRecipe_NotFound (0 ms)
[ RUN      ] RecipeManagerTest.UpdateRecipe_NameConflict
[2025-05-10 20:59:00.130] [info] 尝试添加菜谱: Original Name 1
[2025-05-10 20:59:00.130] [info] 菜谱 'Original Name 1' 添加成功，ID: 1
[2025-05-10 20:59:00.130] [info] 尝试添加菜谱: Original Name 2
[2025-05-10 20:59:00.130] [info] 菜谱 'Original Name 2' 添加成功，ID: 2
[2025-05-10 20:59:00.130] [warning] 更新菜谱 ID: 2 时，新名称 'Original Name 1' (规范化: 'original name 1') 与现有菜谱 ID: 1 冲突。
[       OK ] RecipeManagerTest.UpdateRecipe_NameConflict (0 ms)
[ RUN      ] RecipeManagerTest.DeleteRecipe_NotFound
[       OK ] RecipeManagerTest.DeleteRecipe_NotFound (0 ms)
[ RUN      ] RecipeManagerTest.UpdateRecipeChangeTags
[       OK ] RecipeManagerTest.UpdateRecipeChangeTags (0 ms)
[ RUN      ] RecipeManagerTest.UpdateRecipeClearAllTags
[       OK ] RecipeManagerTest.UpdateRecipeClearAllTags (0 ms)
[ RUN      ] RecipeManagerTest.FindRecipesBySingleTag
[2025-05-10 20:59:00.131] [info] 尝试添加菜谱: Recipe A
[2025-05-10 20:59:00.131] [info] 菜谱 'Recipe A' 添加成功，ID: 1
[2025-05-10 20:59:00.131] [info] 尝试添加菜谱: Recipe B
[2025-05-10 20:59:00.131] [info] 菜谱 'Recipe B' 添加成功，ID: 2
[2025-05-10 20:59:00.131] [info] 尝试添加菜谱: Recipe C
[2025-05-10 20:59:00.131] [info] 菜谱 'Recipe C' 添加成功，ID: 3
[       OK ] RecipeManagerTest.FindRecipesBySingleTag (0 ms)
[ RUN      ] RecipeManagerTest.FindRecipesByMultipleTags_MatchAll
[2025-05-10 20:59:00.132] [info] 尝试添加菜谱: Recipe Alpha
[2025-05-10 20:59:00.132] [info] 菜谱 'Recipe Alpha' 添加成功，ID: 1
[2025-05-10 20:59:00.132] [info] 尝试添加菜谱: Recipe Beta
[2025-05-10 20:59:00.132] [info] 菜谱 'Recipe Beta' 添加成功，ID: 2
[2025-05-10 20:59:00.132] [info] 尝试添加菜谱: Recipe Gamma
[2025-05-10 20:59:00.132] [info] 菜谱 'Recipe Gamma' 添加成功，ID: 3
[2025-05-10 20:59:00.133] [info] 尝试添加菜谱: Recipe Delta
[2025-05-10 20:59:00.133] [info] 菜谱 'Recipe Delta' 添加成功，ID: 4
[       OK ] RecipeManagerTest.FindRecipesByMultipleTags_MatchAll (1 ms)
[ RUN      ] RecipeManagerTest.FindRecipesByMultipleTags_MatchAny
[2025-05-10 20:59:00.133] [info] 尝试添加菜谱: Recipe X
[2025-05-10 20:59:00.133] [info] 菜谱 'Recipe X' 添加成功，ID: 1
[2025-05-10 20:59:00.133] [info] 尝试添加菜谱: Recipe Y
[2025-05-10 20:59:00.133] [info] 菜谱 'Recipe Y' 添加成功，ID: 2
[       OK ] RecipeManagerTest.FindRecipesByMultipleTags_MatchAny (0 ms)
[ RUN      ] RecipeManagerTest.FindRecipesByMultipleTags_MatchAny_Explicit
[2025-05-10 20:59:00.134] [info] 尝试添加菜谱: Recipe MatchAny 1
[2025-05-10 20:59:00.134] [info] 菜谱 'Recipe MatchAny 1' 添加成功，ID: 10
[2025-05-10 20:59:00.134] [info] 尝试添加菜谱: Recipe MatchAny 2
[2025-05-10 20:59:00.134] [info] 菜谱 'Recipe MatchAny 2' 添加成功，ID: 11
[2025-05-10 20:59:00.134] [info] 尝试添加菜谱: Recipe MatchAny 3
[2025-05-10 20:59:00.134] [info] 菜谱 'Recipe MatchAny 3' 添加成功，ID: 12
[2025-05-10 20:59:00.134] [info] 尝试添加菜谱: Recipe MatchAny 4
[2025-05-10 20:59:00.134] [info] 菜谱 'Recipe MatchAny 4' 添加成功，ID: 13
[       OK ] RecipeManagerTest.FindRecipesByMultipleTags_MatchAny_Explicit (0 ms)
[ RUN      ] RecipeManagerTest.FindRecipesByIngredients_SingleIngredient
[2025-05-10 20:59:00.134] [info] 尝试添加菜谱: Tomato Soup
[2025-05-10 20:59:00.134] [info] 菜谱 'Tomato Soup' 添加成功，ID: 20
[2025-05-10 20:59:00.134] [info] 尝试添加菜谱: Chicken Curry
[2025-05-10 20:59:00.134] [info] 菜谱 'Chicken Curry' 添加成功，ID: 21
[       OK ] RecipeManagerTest.FindRecipesByIngredients_SingleIngredient (0 ms)
[ RUN      ] RecipeManagerTest.FindRecipesByIngredients_MultipleIngredients_MatchAll
[2025-05-10 20:59:00.135] [info] 尝试添加菜谱: Pasta Tomato Basil
[2025-05-10 20:59:00.135] [info] 菜谱 'Pasta Tomato Basil' 添加成功，ID: 30
[2025-05-10 20:59:00.135] [info] 尝试添加菜谱: Tomato Salad
[2025-05-10 20:59:00.135] [info] 菜谱 'Tomato Salad' 添加成功，ID: 31
[       OK ] RecipeManagerTest.FindRecipesByIngredients_MultipleIngredients_MatchAll (0 ms)
[ RUN      ] RecipeManagerTest.FindRecipesByIngredients_MultipleIngredients_MatchAny
[2025-05-10 20:59:00.135] [info] 尝试添加菜谱: Chicken Stir-fry
[2025-05-10 20:59:00.135] [info] 菜谱 'Chicken Stir-fry' 添加成功，ID: 40
[2025-05-10 20:59:00.135] [info] 尝试添加菜谱: Broccoli Soup
[2025-05-10 20:59:00.135] [info] 菜谱 'Broccoli Soup' 添加成功，ID: 41
[2025-05-10 20:59:00.135] [info] 尝试添加菜谱: Beef Noodles
[2025-05-10 20:59:00.135] [info] 菜谱 'Beef Noodles' 添加成功，ID: 42
[       OK ] RecipeManagerTest.FindRecipesByIngredients_MultipleIngredients_MatchAny (0 ms)
[----------] 14 tests from RecipeManagerTest (7 ms total)

[----------] Global test environment tear-down
[==========] 14 tests from 1 test suite ran. (7 ms total)
[  PASSED  ] 14 tests.
<end of output>
Test time =   0.01 sec
----------------------------------------------------------
Test Passed.
"TestRecipeManager" end time: May 10 20:59 中国标准时间
"TestRecipeManager" time elapsed: 00:00:00
----------------------------------------------------------

6/7 Testing: TestRecipeEncyclopediaManager
6/7 Test: TestRecipeEncyclopediaManager
Command: "D:/Github/IntelligentRecipeManagementSystem/build/Debug/TestRecipeEncyclopediaManager.exe"
Directory: D:/Github/IntelligentRecipeManagementSystem/build
"TestRecipeEncyclopediaManager" start time: May 10 20:59 中国标准时间
Output:
----------------------------------------------------------
Running main() from D:\Github\IntelligentRecipeManagementSystem\build\_deps\googletest-src\googletest\src\gtest_main.cc
[==========] Running 11 tests from 1 test suite.
[----------] Global test environment set-up.
[----------] 11 tests from RecipeEncyclopediaManagerTest
[ RUN      ] RecipeEncyclopediaManagerTest.GetRecipeByIdExisting
[RecipeEncyclopediaManager] Successfully loaded 3 recipes from test_encyclopedia_recipes.json
[       OK ] RecipeEncyclopediaManagerTest.GetRecipeByIdExisting (0 ms)
[ RUN      ] RecipeEncyclopediaManagerTest.GetRecipeByIdNonExisting
[RecipeEncyclopediaManager] Successfully loaded 3 recipes from test_encyclopedia_recipes.json
[       OK ] RecipeEncyclopediaManagerTest.GetRecipeByIdNonExisting (0 ms)
[ RUN      ] RecipeEncyclopediaManagerTest.GetRecipeByIdWithEmptyEncyclopedia
[RecipeEncyclopediaManager] Successfully loaded 3 recipes from test_encyclopedia_recipes.json
[RecipeEncyclopediaManager] Successfully loaded 0 recipes from empty_recipes.json
[       OK ] RecipeEncyclopediaManagerTest.GetRecipeByIdWithEmptyEncyclopedia (0 ms)
[ RUN      ] RecipeEncyclopediaManagerTest.SearchRecipesByName
[RecipeEncyclopediaManager] Successfully loaded 3 recipes from test_encyclopedia_recipes.json
[       OK ] RecipeEncyclopediaManagerTest.SearchRecipesByName (0 ms)
[ RUN      ] RecipeEncyclopediaManagerTest.SearchRecipesByIngredient
[RecipeEncyclopediaManager] Successfully loaded 3 recipes from test_encyclopedia_recipes.json
[       OK ] RecipeEncyclopediaManagerTest.SearchRecipesByIngredient (0 ms)
[ RUN      ] RecipeEncyclopediaManagerTest.SearchRecipesByTag
[RecipeEncyclopediaManager] Successfully loaded 3 recipes from test_encyclopedia_recipes.json
[       OK ] RecipeEncyclopediaManagerTest.SearchRecipesByTag (0 ms)
[ RUN      ] RecipeEncyclopediaManagerTest.SearchRecipesNoMatch
[RecipeEncyclopediaManager] Successfully loaded 3 recipes from test_encyclopedia_recipes.json
[       OK ] RecipeEncyclopediaManagerTest.SearchRecipesNoMatch (0 ms)
[ RUN      ] RecipeEncyclopediaManagerTest.SearchRecipesEmptyTerm
[RecipeEncyclopediaManager] Successfully loaded 3 recipes from test_encyclopedia_recipes.json
[       OK ] RecipeEncyclopediaManagerTest.SearchRecipesEmptyTerm (0 ms)
[ RUN      ] RecipeEncyclopediaManagerTest.LoadRecipesFileNotFound
[RecipeEncyclopediaManager] Successfully loaded 3 recipes from test_encyclopedia_recipes.json
[RecipeEncyclopediaManager] Error: Could not open file: non_existent_file.json
[       OK ] RecipeEncyclopediaManagerTest.LoadRecipesFileNotFound (0 ms)
[ RUN      ] RecipeEncyclopediaManagerTest.LoadRecipesMalformedJson
[RecipeEncyclopediaManager] Successfully loaded 3 recipes from test_encyclopedia_recipes.json
[RecipeEncyclopediaManager] Error parsing JSON file malformed_recipes.json: [json.exception.parse_error.101] parse error at line 1, column 35: syntax error while parsing object key - unexpected end of input; expected string literal
[       OK ] RecipeEncyclopediaManagerTest.LoadRecipesMalformedJson (1 ms)
[ RUN      ] RecipeEncyclopediaManagerTest.GetAllRecipes
[RecipeEncyclopediaManager] Successfully loaded 3 recipes from test_encyclopedia_recipes.json
[       OK ] RecipeEncyclopediaManagerTest.GetAllRecipes (0 ms)
[----------] 11 tests from RecipeEncyclopediaManagerTest (9 ms total)

[----------] Global test environment tear-down
[==========] 11 tests from 1 test suite ran. (9 ms total)
[  PASSED  ] 11 tests.
<end of output>
Test time =   0.02 sec
----------------------------------------------------------
Test Passed.
"TestRecipeEncyclopediaManager" end time: May 10 20:59 中国标准时间
"TestRecipeEncyclopediaManager" time elapsed: 00:00:00
----------------------------------------------------------

7/7 Testing: TestRecipeEncyclopediaCommandHandler
7/7 Test: TestRecipeEncyclopediaCommandHandler
Command: "D:/Github/IntelligentRecipeManagementSystem/build/Debug/TestRecipeEncyclopediaCommandHandler.exe"
Directory: D:/Github/IntelligentRecipeManagementSystem/build
"TestRecipeEncyclopediaCommandHandler" start time: May 10 20:59 中国标准时间
Output:
----------------------------------------------------------
Running main() from D:\Github\IntelligentRecipeManagementSystem\build\_deps\googletest-src\googletest\src\gtest_main.cc
[==========] Running 7 tests from 1 test suite.
[----------] Global test environment set-up.
[----------] 7 tests from RecipeEncyclopediaCommandHandlerTest
[ RUN      ] RecipeEncyclopediaCommandHandlerTest.SearchRecipesWithKeywordsSuccess
[RecipeEncyclopediaManager] Successfully loaded 2 recipes from handler_test_recipes.json
[       OK ] RecipeEncyclopediaCommandHandlerTest.SearchRecipesWithKeywordsSuccess (1 ms)
[ RUN      ] RecipeEncyclopediaCommandHandlerTest.SearchRecipesWithKeywordsNoMatch
[RecipeEncyclopediaManager] Successfully loaded 2 recipes from handler_test_recipes.json
[       OK ] RecipeEncyclopediaCommandHandlerTest.SearchRecipesWithKeywordsNoMatch (0 ms)
[ RUN      ] RecipeEncyclopediaCommandHandlerTest.SearchRecipesMissingKeywords
[RecipeEncyclopediaManager] Successfully loaded 2 recipes from handler_test_recipes.json
[2025-05-10 20:59:00.162] [error] 处理食谱大全搜索错误：缺少 --enc-search 选项。
[       OK ] RecipeEncyclopediaCommandHandlerTest.SearchRecipesMissingKeywords (1 ms)
[ RUN      ] RecipeEncyclopediaCommandHandlerTest.ViewRecipeWithIdSuccess
[RecipeEncyclopediaManager] Successfully loaded 2 recipes from handler_test_recipes.json
[       OK ] RecipeEncyclopediaCommandHandlerTest.ViewRecipeWithIdSuccess (0 ms)
[ RUN      ] RecipeEncyclopediaCommandHandlerTest.ViewRecipeWithIdNotFound
[RecipeEncyclopediaManager] Successfully loaded 2 recipes from handler_test_recipes.json
[2025-05-10 20:59:00.164] [info] 未在百科中找到ID为 999 的食谱。
[       OK ] RecipeEncyclopediaCommandHandlerTest.ViewRecipeWithIdNotFound (0 ms)
[ RUN      ] RecipeEncyclopediaCommandHandlerTest.ViewRecipeMissingId
[RecipeEncyclopediaManager] Successfully loaded 2 recipes from handler_test_recipes.json
[2025-05-10 20:59:00.165] [error] 处理查看百科食谱错误：缺少 --enc-view 选项。
[       OK ] RecipeEncyclopediaCommandHandlerTest.ViewRecipeMissingId (0 ms)
[ RUN      ] RecipeEncyclopediaCommandHandlerTest.ViewRecipeNegativeId
[RecipeEncyclopediaManager] Successfully loaded 2 recipes from handler_test_recipes.json
[2025-05-10 20:59:00.166] [error] 处理查看百科食谱错误：提供的ID '-5' 无效，ID必须为正整数。
[       OK ] RecipeEncyclopediaCommandHandlerTest.ViewRecipeNegativeId (0 ms)
[----------] 7 tests from RecipeEncyclopediaCommandHandlerTest (6 ms total)

[----------] Global test environment tear-down
[==========] 7 tests from 1 test suite ran. (7 ms total)
[  PASSED  ] 7 tests.
<end of output>
Test time =   0.01 sec
----------------------------------------------------------
Test Passed.
"TestRecipeEncyclopediaCommandHandler" end time: May 10 20:59 中国标准时间
"TestRecipeEncyclopediaCommandHandler" time elapsed: 00:00:00
----------------------------------------------------------

End testing: May 10 20:59 中国标准时间
